Flow report for CPEN391_Project
Mon Feb 10 14:17:27 2020
Quartus II 64-Bit Version 15.0.0 Build 145 04/22/2015 SJ Web Edition


---------------------
; Table of Contents ;
---------------------
  1. Legal Notice
  2. Flow Summary
  3. Flow Settings
  4. Flow Non-Default Global Settings
  5. Flow Elapsed Time
  6. Flow OS Summary
  7. Flow Log
  8. Flow Messages
  9. Flow Suppressed Messages



----------------
; Legal Notice ;
----------------
Copyright (C) 1991-2015 Altera Corporation. All rights reserved.
Your use of Altera Corporation's design tools, logic functions 
and other software and tools, and its AMPP partner logic 
functions, and any output files from any of the foregoing 
(including device programming or simulation files), and any 
associated documentation or information are expressly subject 
to the terms and conditions of the Altera Program License 
Subscription Agreement, the Altera Quartus II License Agreement,
the Altera MegaCore Function License Agreement, or other 
applicable license agreement, including, without limitation, 
that your use is for the sole purpose of programming logic 
devices manufactured by Altera and sold by Altera or its 
authorized distributors.  Please refer to the applicable 
agreement for further details.



+------------------------------------------------------------------------------+
; Flow Summary                                                                 ;
+---------------------------------+--------------------------------------------+
; Flow Status                     ; Successful - Mon Feb 10 14:15:21 2020      ;
; Quartus II 64-Bit Version       ; 15.0.0 Build 145 04/22/2015 SJ Web Edition ;
; Revision Name                   ; CPEN391_Project                            ;
; Top-level Entity Name           ; MyComputer_Verilog                         ;
; Family                          ; Cyclone V                                  ;
; Device                          ; 5CSEMA5F31C6                               ;
; Timing Models                   ; Final                                      ;
; Logic utilization (in ALMs)     ; 8,297 / 32,070 ( 26 % )                    ;
; Total registers                 ; 9783                                       ;
; Total pins                      ; 346 / 457 ( 76 % )                         ;
; Total virtual pins              ; 0                                          ;
; Total block memory bits         ; 3,187,328 / 4,065,280 ( 78 % )             ;
; Total DSP Blocks                ; 0 / 87 ( 0 % )                             ;
; Total HSSI RX PCSs              ; 0                                          ;
; Total HSSI PMA RX Deserializers ; 0                                          ;
; Total HSSI TX PCSs              ; 0                                          ;
; Total HSSI PMA TX Serializers   ; 0                                          ;
; Total PLLs                      ; 2 / 6 ( 33 % )                             ;
; Total DLLs                      ; 1 / 4 ( 25 % )                             ;
+---------------------------------+--------------------------------------------+


+-----------------------------------------+
; Flow Settings                           ;
+-------------------+---------------------+
; Option            ; Setting             ;
+-------------------+---------------------+
; Start date & time ; 02/10/2020 13:58:40 ;
; Main task         ; Compilation         ;
; Revision Name     ; CPEN391_Project     ;
+-------------------+---------------------+


+-------------------------------------------------------------------------------------------------------------------------------------------------------------------------------------------------+
; Flow Non-Default Global Settings                                                                                                                                                                ;
+-------------------------------------+--------------------------------------------------------------------------------+-----------------+-------------------------------------------+------------+
; Assignment Name                     ; Value                                                                          ; Default Value   ; Entity Name                               ; Section Id ;
+-------------------------------------+--------------------------------------------------------------------------------+-----------------+-------------------------------------------+------------+
; COMPILER_SIGNATURE_ID               ; 10995770589204.158137189608584                                                 ; --              ; --                                        ; --         ;
; HPS_ISW_FILE                        ; CPEN391_Computer/synthesis/submodules/sequencer/alt_types.pre.h                ; --              ; CPEN391_Computer_ARM_A9_HPS_hps_io_border ; --         ;
; HPS_ISW_FILE                        ; CPEN391_Computer/synthesis/submodules/sequencer/emif.pre.xml                   ; --              ; CPEN391_Computer_ARM_A9_HPS_hps_io_border ; --         ;
; HPS_ISW_FILE                        ; CPEN391_Computer/synthesis/submodules/sequencer/sdram_io.pre.h                 ; --              ; CPEN391_Computer_ARM_A9_HPS_hps_io_border ; --         ;
; HPS_ISW_FILE                        ; CPEN391_Computer/synthesis/submodules/sequencer/sequencer.pre.c                ; --              ; CPEN391_Computer_ARM_A9_HPS_hps_io_border ; --         ;
; HPS_ISW_FILE                        ; CPEN391_Computer/synthesis/submodules/sequencer/sequencer.pre.h                ; --              ; CPEN391_Computer_ARM_A9_HPS_hps_io_border ; --         ;
; HPS_ISW_FILE                        ; CPEN391_Computer/synthesis/submodules/sequencer/sequencer_auto.pre.h           ; --              ; CPEN391_Computer_ARM_A9_HPS_hps_io_border ; --         ;
; HPS_ISW_FILE                        ; CPEN391_Computer/synthesis/submodules/sequencer/sequencer_auto_ac_init.pre.c   ; --              ; CPEN391_Computer_ARM_A9_HPS_hps_io_border ; --         ;
; HPS_ISW_FILE                        ; CPEN391_Computer/synthesis/submodules/sequencer/sequencer_auto_inst_init.pre.c ; --              ; CPEN391_Computer_ARM_A9_HPS_hps_io_border ; --         ;
; HPS_ISW_FILE                        ; CPEN391_Computer/synthesis/submodules/sequencer/sequencer_defines.pre.h        ; --              ; CPEN391_Computer_ARM_A9_HPS_hps_io_border ; --         ;
; HPS_ISW_FILE                        ; CPEN391_Computer/synthesis/submodules/sequencer/system.pre.h                   ; --              ; CPEN391_Computer_ARM_A9_HPS_hps_io_border ; --         ;
; HPS_ISW_FILE                        ; CPEN391_Computer/synthesis/submodules/sequencer/tclrpt.pre.c                   ; --              ; CPEN391_Computer_ARM_A9_HPS_hps_io_border ; --         ;
; HPS_ISW_FILE                        ; CPEN391_Computer/synthesis/submodules/sequencer/tclrpt.pre.h                   ; --              ; CPEN391_Computer_ARM_A9_HPS_hps_io_border ; --         ;
; HPS_ISW_FILE                        ; CPEN391_Computer/synthesis/submodules/hps.pre.xml                              ; --              ; CPEN391_Computer_ARM_A9_HPS_hps_io_border ; --         ;
; HPS_PARTITION                       ; On                                                                             ; --              ; CPEN391_Computer_ARM_A9_HPS_hps_io_border ; --         ;
; MAX_CORE_JUNCTION_TEMP              ; 85                                                                             ; --              ; --                                        ; --         ;
; MIN_CORE_JUNCTION_TEMP              ; 0                                                                              ; --              ; --                                        ; --         ;
; MISC_FILE                           ; VGA_CLOCK_GEN.cmp                                                              ; --              ; --                                        ; --         ;
; MISC_FILE                           ; VGA_CLOCK_GEN_sim/VGA_CLOCK_GEN.vho                                            ; --              ; --                                        ; --         ;
; MISC_FILE                           ; CPEN391_Computer/synthesis/../CPEN391_Computer.cmp                             ; --              ; --                                        ; --         ;
; MISC_FILE                           ; CPEN391_Computer/synthesis/../../C                                             ; --              ; --                                        ; --         ;
; MISC_FILE                           ; CPEN391_Computer/synthesis/CPEN391_Computer_ARM_A9_HPS_hps.svd                 ; --              ; --                                        ; --         ;
; MISC_FILE                           ; CPEN391_Computer/synthesis/../../CPEN391_Computer.qsys                         ; --              ; --                                        ; --         ;
; MISC_FILE                           ; CPEN391_Computer/synthesis/submodules/sequencer/alt_types.pre.h                ; --              ; --                                        ; --         ;
; MISC_FILE                           ; CPEN391_Computer/synthesis/submodules/sequencer/emif.pre.xml                   ; --              ; --                                        ; --         ;
; MISC_FILE                           ; CPEN391_Computer/synthesis/submodules/sequencer/sdram_io.pre.h                 ; --              ; --                                        ; --         ;
; MISC_FILE                           ; CPEN391_Computer/synthesis/submodules/sequencer/sequencer.pre.c                ; --              ; --                                        ; --         ;
; MISC_FILE                           ; CPEN391_Computer/synthesis/submodules/sequencer/sequencer.pre.h                ; --              ; --                                        ; --         ;
; MISC_FILE                           ; CPEN391_Computer/synthesis/submodules/sequencer/sequencer_auto.pre.h           ; --              ; --                                        ; --         ;
; MISC_FILE                           ; CPEN391_Computer/synthesis/submodules/sequencer/sequencer_auto_ac_init.pre.c   ; --              ; --                                        ; --         ;
; MISC_FILE                           ; CPEN391_Computer/synthesis/submodules/sequencer/sequencer_auto_inst_init.pre.c ; --              ; --                                        ; --         ;
; MISC_FILE                           ; CPEN391_Computer/synthesis/submodules/sequencer/sequencer_defines.pre.h        ; --              ; --                                        ; --         ;
; MISC_FILE                           ; CPEN391_Computer/synthesis/submodules/sequencer/system.pre.h                   ; --              ; --                                        ; --         ;
; MISC_FILE                           ; CPEN391_Computer/synthesis/submodules/sequencer/tclrpt.pre.c                   ; --              ; --                                        ; --         ;
; MISC_FILE                           ; CPEN391_Computer/synthesis/submodules/sequencer/tclrpt.pre.h                   ; --              ; --                                        ; --         ;
; MISC_FILE                           ; CPEN391_Computer/synthesis/submodules/hps.pre.xml                              ; --              ; --                                        ; --         ;
; PARTITION_COLOR                     ; 16764057                                                                       ; --              ; MyComputer_Verilog                        ; Top        ;
; PARTITION_FITTER_PRESERVATION_LEVEL ; PLACEMENT_AND_ROUTING                                                          ; --              ; MyComputer_Verilog                        ; Top        ;
; PARTITION_NETLIST_TYPE              ; SOURCE                                                                         ; --              ; MyComputer_Verilog                        ; Top        ;
; POWER_BOARD_THERMAL_MODEL           ; None (CONSERVATIVE)                                                            ; --              ; --                                        ; --         ;
; POWER_PRESET_COOLING_SOLUTION       ; 23 MM HEAT SINK WITH 200 LFPM AIRFLOW                                          ; --              ; --                                        ; --         ;
; SLD_FILE                            ; CPEN391_Computer/synthesis/CPEN391_Computer.regmap                             ; --              ; --                                        ; --         ;
; SLD_FILE                            ; CPEN391_Computer/synthesis/CPEN391_Computer.debuginfo                          ; --              ; --                                        ; --         ;
; SLD_INFO                            ; QSYS_NAME CPEN391_Computer HAS_SOPCINFO 1 GENERATION_ID 1581304457             ; --              ; CPEN391_Computer                          ; --         ;
; SOPCINFO_FILE                       ; CPEN391_Computer/synthesis/../../CPEN391_Computer.sopcinfo                     ; --              ; --                                        ; --         ;
; SPD_FILE                            ; VGA_CLOCK_GEN.spd                                                              ; --              ; --                                        ; --         ;
; SYNTHESIS_ONLY_QIP                  ; On                                                                             ; --              ; --                                        ; --         ;
; SYNTHESIS_ONLY_QIP                  ; On                                                                             ; --              ; --                                        ; --         ;
; TOP_LEVEL_ENTITY                    ; MyComputer_Verilog                                                             ; CPEN391_Project ; --                                        ; --         ;
+-------------------------------------+--------------------------------------------------------------------------------+-----------------+-------------------------------------------+------------+


+-------------------------------------------------------------------------------------------------------------------------------+
; Flow Elapsed Time                                                                                                             ;
+---------------------------+--------------+-------------------------+---------------------+------------------------------------+
; Module Name               ; Elapsed Time ; Average Processors Used ; Peak Virtual Memory ; Total CPU Time (on all processors) ;
+---------------------------+--------------+-------------------------+---------------------+------------------------------------+
; Analysis & Synthesis      ; 00:06:04     ; 2.0                     ; 5451 MB             ; 00:11:54                           ;
; Fitter                    ; 00:06:46     ; 2.1                     ; 8286 MB             ; 00:12:21                           ;
; Assembler                 ; 00:00:32     ; 1.0                     ; 5126 MB             ; 00:00:30                           ;
; TimeQuest Timing Analyzer ; 00:02:02     ; 2.0                     ; 6399 MB             ; 00:03:34                           ;
; Total                     ; 00:15:24     ; --                      ; --                  ; 00:28:19                           ;
+---------------------------+--------------+-------------------------+---------------------+------------------------------------+


+----------------------------------------------------------------------------------------+
; Flow OS Summary                                                                        ;
+---------------------------+------------------+-----------+------------+----------------+
; Module Name               ; Machine Hostname ; OS Name   ; OS Version ; Processor type ;
+---------------------------+------------------+-----------+------------+----------------+
; Analysis & Synthesis      ; LAPTOP-O2DFNFM0  ; Windows 7 ; 6.2        ; x86_64         ;
; Fitter                    ; LAPTOP-O2DFNFM0  ; Windows 7 ; 6.2        ; x86_64         ;
; Assembler                 ; LAPTOP-O2DFNFM0  ; Windows 7 ; 6.2        ; x86_64         ;
; TimeQuest Timing Analyzer ; LAPTOP-O2DFNFM0  ; Windows 7 ; 6.2        ; x86_64         ;
+---------------------------+------------------+-----------+------------+----------------+


------------
; Flow Log ;
------------
quartus_map --read_settings_files=on --write_settings_files=off CPEN391_Project -c CPEN391_Project
quartus_fit --read_settings_files=off --write_settings_files=off CPEN391_Project -c CPEN391_Project
quartus_asm --read_settings_files=off --write_settings_files=off CPEN391_Project -c CPEN391_Project
quartus_sta CPEN391_Project -c CPEN391_Project



